[debug] [2023-02-20T19:30:43.337Z] ----------------------------------------------------------------------
[debug] [2023-02-20T19:30:43.343Z] Command:       /usr/local/bin/node /usr/local/bin/firebase deploy
[debug] [2023-02-20T19:30:43.343Z] CLI Version:   11.0.1
[debug] [2023-02-20T19:30:43.344Z] Platform:      darwin
[debug] [2023-02-20T19:30:43.344Z] Node Version:  v14.18.0
[debug] [2023-02-20T19:30:43.401Z] Time:          Tue Feb 21 2023 02:30:43 GMT+0700 (Western Indonesia Time)
[debug] [2023-02-20T19:30:43.401Z] ----------------------------------------------------------------------
[debug] 
[debug] [2023-02-20T19:30:43.404Z] >>> [apiv2][query] GET https://firebase-public.firebaseio.com/cli.json [none]
[debug] [2023-02-20T19:30:43.488Z] > command requires scopes: ["email","openid","https://www.googleapis.com/auth/cloudplatformprojects.readonly","https://www.googleapis.com/auth/firebase","https://www.googleapis.com/auth/cloud-platform"]
[debug] [2023-02-20T19:30:43.489Z] > authorizing via signed-in user (kadityafikar@gmail.com)
[debug] [2023-02-20T19:30:43.489Z] [iam] checking project dev-dashboard-balesin for permissions ["firebase.projects.get","firebasehosting.sites.update"]
[debug] [2023-02-20T19:30:43.490Z] > refreshing access token with scopes: []
[debug] [2023-02-20T19:30:43.490Z] >>> HTTP REQUEST POST https://www.googleapis.com/oauth2/v3/token  
 <request body omitted>
[debug] [2023-02-20T19:30:44.449Z] <<< [apiv2][status] GET https://firebase-public.firebaseio.com/cli.json 200
[debug] [2023-02-20T19:30:44.450Z] <<< [apiv2][body] GET https://firebase-public.firebaseio.com/cli.json {"cloudBuildErrorAfter":1594252800000,"cloudBuildWarnAfter":1590019200000,"defaultNode10After":1594252800000,"minVersion":"3.0.5","node8DeploysDisabledAfter":1613390400000,"node8RuntimeDisabledAfter":1615809600000,"node8WarnAfter":1600128000000}
[debug] [2023-02-20T19:31:58.562Z] [iam] error while checking permissions, command may fail: FirebaseError: Authentication Error: Your credentials are no longer valid. Please run firebase login --reauth

For CI servers and headless environments, generate a new token with firebase login:ci
[debug] [2023-02-20T19:31:58.563Z] > refreshing access token with scopes: []
[debug] [2023-02-20T19:31:58.563Z] >>> HTTP REQUEST POST https://www.googleapis.com/oauth2/v3/token  
 <request body omitted>
[debug] [2023-02-20T19:31:58.914Z] <<< HTTP RESPONSE 200 {"date":"Mon, 20 Feb 2023 19:31:58 GMT","cache-control":"no-cache, no-store, max-age=0, must-revalidate","expires":"Mon, 01 Jan 1990 00:00:00 GMT","pragma":"no-cache","content-type":"application/json; charset=utf-8","vary":"X-Origin, Referer, Origin,Accept-Encoding","server":"scaffolding on HTTPServer2","x-xss-protection":"0","x-frame-options":"SAMEORIGIN","x-content-type-options":"nosniff","alt-svc":"h3=\":443\"; ma=2592000,h3-29=\":443\"; ma=2592000","accept-ranges":"none","transfer-encoding":"chunked"}
[debug] [2023-02-20T19:31:59.026Z] >>> [apiv2][query] GET https://firebase.googleapis.com/v1beta1/projects/dev-dashboard-balesin [none]
[debug] [2023-02-20T19:32:29.030Z] Timeout reached making request to https://firebase.googleapis.com/v1beta1/projects/dev-dashboard-balesin
[debug] [2023-02-20T19:32:29.436Z] FirebaseError: Timeout reached making request to https://firebase.googleapis.com/v1beta1/projects/dev-dashboard-balesin
    at RetryOperation._fn (/usr/local/lib/node_modules/firebase-tools/lib/apiv2.js:236:35)
    at processTicksAndRejections (internal/process/task_queues.js:95:5)
[error] 
[error] Error: Failed to get Firebase project dev-dashboard-balesin. Please make sure the project exists and your account has permission to access it.
